#
# There is insufficient memory for the Java Runtime Environment to continue.
# Native memory allocation (malloc) failed to allocate 32744 bytes for ChunkPool::allocate
# Possible reasons:
#   The system is out of physical RAM or swap space
#   In 32 bit mode, the process size limit was hit
# Possible solutions:
#   Reduce memory load on the system
#   Increase physical memory or swap space
#   Check if swap backing store is full
#   Use 64 bit Java on a 64 bit OS
#   Decrease Java heap size (-Xmx/-Xms)
#   Decrease number of Java threads
#   Decrease Java thread stack sizes (-Xss)
#   Set larger code cache with -XX:ReservedCodeCacheSize=
# This output file may be truncated or incomplete.
#
#  Out of Memory Error (allocation.cpp:222), pid=7876, tid=6152
#
# JRE version: 7.0_11-b21
# Java VM: Java HotSpot(TM) 64-Bit Server VM (23.6-b04 mixed mode windows-amd64 compressed oops)
# Failed to write core dump. Minidumps are not enabled by default on client versions of Windows
#

---------------  T H R E A D  ---------------

Current thread (0x0000000027336800):  JavaThread "C2 CompilerThread1" daemon [_thread_in_native, id=6152, stack(0x0000000059420000,0x000000005d420000)]

Stack: [0x0000000059420000,0x000000005d420000]

Current CompileTask:
C2:25784344 2138   !         java.awt.KeyboardFocusManager::clearMostRecentFocusOwner (111 bytes)


---------------  P R O C E S S  ---------------

Java Threads: ( => current thread )
  0x000000005def7000 JavaThread "Image Fetcher 0" daemon [_thread_blocked, id=7680, stack(0x00000005f70f0000,0x00000005fb0f0000)]
  0x000000005def8800 JavaThread "Swing-Shell" daemon [_thread_blocked, id=4540, stack(0x0000000138000000,0x000000013c000000)]
  0x000000005def3000 JavaThread "Code Analyzer updating thread" [_thread_blocked, id=4616, stack(0x00000000bc000000,0x00000000c0000000)]
  0x000000005def2800 JavaThread "Prefs Updater" daemon [_thread_blocked, id=5004, stack(0x00000000b4000000,0x00000000b8000000)]
  0x000000005def5800 JavaThread "Foxtrot Single Worker Thread #1" daemon [_thread_blocked, id=3076, stack(0x00000000c0000000,0x00000000c4000000)]
  0x000000005def6000 JavaThread "Active Reference Queue Daemon" daemon [_thread_blocked, id=6880, stack(0x0000000104000000,0x0000000108000000)]
  0x000000005def0000 JavaThread "Timer-1" daemon [_thread_blocked, id=5400, stack(0x0000000100000000,0x0000000104000000)]
  0x000000005def4000 JavaThread "ClipboardMonitor Timer" daemon [_thread_blocked, id=8876, stack(0x00000000dc000000,0x00000000e0000000)]
  0x000000005def1800 JavaThread "Explorer NavigationContext request queue" daemon [_thread_blocked, id=3356, stack(0x00000000d4000000,0x00000000d8000000)]
  0x000000005deee000 JavaThread "AddressBar directory emptiness poller" daemon [_thread_blocked, id=8184, stack(0x00000000cc000000,0x00000000d0000000)]
  0x000000005deee800 JavaThread "Explorer Refresh Service 873999317" daemon [_thread_blocked, id=1360, stack(0x00000000c8000000,0x00000000cc000000)]
  0x000000005deeb800 JavaThread "Thread-4" daemon [_thread_blocked, id=8304, stack(0x00000000c4000000,0x00000000c8000000)]
  0x000000005dee9000 JavaThread "TimerQueue" daemon [_thread_blocked, id=8664, stack(0x0000000090000000,0x0000000094000000)]
  0x000000002782a800 JavaThread "Thread-3" daemon [_thread_blocked, id=9176, stack(0x00000000b0000000,0x00000000b4000000)]
  0x000000005ddeb800 JavaThread "AWT-EventQueue-0" [_thread_blocked, id=8760, stack(0x00000000ac000000,0x00000000b0000000)]
  0x000000005dd68800 JavaThread "AWT-Shutdown" [_thread_blocked, id=6336, stack(0x0000000098000000,0x000000009c000000)]
  0x000000005db6b000 JavaThread "FelixPackageAdmin" daemon [_thread_blocked, id=8632, stack(0x00000000a8000000,0x00000000ac000000)]
  0x0000000027428000 JavaThread "FelixStartLevel" daemon [_thread_blocked, id=5108, stack(0x00000000a4000000,0x00000000a8000000)]
  0x00000000273c8800 JavaThread "FelixDispatchQueue" daemon [_thread_blocked, id=9120, stack(0x00000000a0000000,0x00000000a4000000)]
  0x000000002758c800 JavaThread "com.google.common.base.internal.Finalizer" daemon [_thread_blocked, id=3120, stack(0x000000009c000000,0x00000000a0000000)]
  0x00000000275f3800 JavaThread "AWT-Windows" daemon [_thread_in_native, id=5824, stack(0x0000000094000000,0x0000000098000000)]
  0x0000000027660000 JavaThread "Java2D Disposer" daemon [_thread_blocked, id=8108, stack(0x000000008c000000,0x0000000090000000)]
  0x000000005d745000 JavaThread "Timer-0" [_thread_blocked, id=8412, stack(0x0000000088000000,0x000000008c000000)]
  0x000000005d5e0800 JavaThread "EventMgr Dispatcher" daemon [_thread_in_native, id=5420, stack(0x0000000084000000,0x0000000088000000)]
  0x0000000027339800 JavaThread "Service Thread" daemon [_thread_blocked, id=5576, stack(0x0000000077260000,0x000000007b260000)]
=>0x0000000027336800 JavaThread "C2 CompilerThread1" daemon [_thread_in_native, id=6152, stack(0x0000000059420000,0x000000005d420000)]
  0x0000000027332000 JavaThread "C2 CompilerThread0" daemon [_thread_blocked, id=5500, stack(0x0000000055420000,0x0000000059420000)]
  0x0000000027331000 JavaThread "Attach Listener" daemon [_thread_blocked, id=7108, stack(0x0000000051420000,0x0000000055420000)]
  0x00000000272b5800 JavaThread "Finalizer" daemon [_thread_blocked, id=2792, stack(0x000000004d420000,0x0000000051420000)]
  0x00000000272af800 JavaThread "Reference Handler" daemon [_thread_blocked, id=8456, stack(0x0000000049420000,0x000000004d420000)]
  0x0000000015f6f000 JavaThread "main" [_thread_in_native, id=7260, stack(0x0000000000030000,0x0000000004030000)]

Other Threads:
  0x000000002729e800 VMThread [stack: 0x0000000045420000,0x0000000049420000] [id=9020]
  0x0000000027398800 WatcherThread [stack: 0x0000000080000000,0x0000000084000000] [id=2716]

VM state:not at safepoint (normal execution)

VM Mutex/Monitor currently owned by a thread: None

Heap
 PSYoungGen      total 15872K, used 13763K [0x00000000fa000000, 0x00000000fb000000, 0x0000000100000000)
  eden space 15360K, 87% used [0x00000000fa000000,0x00000000fad10da0,0x00000000faf00000)
  from space 512K, 75% used [0x00000000faf00000,0x00000000faf60000,0x00000000faf80000)
  to   space 512K, 0% used [0x00000000faf80000,0x00000000faf80000,0x00000000fb000000)
 ParOldGen       total 57664K, used 50087K [0x00000000e8000000, 0x00000000eb850000, 0x00000000fa000000)
  object space 57664K, 86% used [0x00000000e8000000,0x00000000eb0e9fb8,0x00000000eb850000)
 PSPermGen       total 111872K, used 58683K [0x00000000e0000000, 0x00000000e6d40000, 0x00000000e8000000)
  object space 111872K, 52% used [0x00000000e0000000,0x00000000e394eeb0,0x00000000e6d40000)

Card table byte_map: [0x000000002a830000,0x000000002a940000] byte_map_base: 0x000000002a130000

Polling page: 0x0000000008a90000

Code Cache  [0x0000000027830000, 0x0000000027e10000, 0x000000002a830000)
 total_blobs=2630 nmethods=1975 adapters=604 free_code_cache=43282Kb largest_free_block=44220672

Compilation events (10 events):
Event: 15779.576 Thread 0x0000000027332000 nmethod 2135 0x0000000027de7190 code [0x0000000027de72c0, 0x0000000027de7398]
Event: 15803.523 Thread 0x0000000027336800 2136             com.sun.java.swing.plaf.windows.XPStyle$Skin::equals (30 bytes)
Event: 15803.524 Thread 0x0000000027336800 nmethod 2136 0x0000000027de6dd0 code [0x0000000027de6f20, 0x0000000027de7098]
Event: 16176.004 Thread 0x0000000027332000 2137             javax.swing.Timer::getAccessControlContext (22 bytes)
Event: 16176.005 Thread 0x0000000027332000 nmethod 2137 0x0000000027de6b90 code [0x0000000027de6cc0, 0x0000000027de6d38]
Event: 22693.815 Thread 0x0000000027336800   38 %           javax.swing.text.GapContent::removeUnusedMarks @ 19 (65 bytes)
Event: 22693.818 Thread 0x0000000027336800 nmethod 38% 0x0000000027e01e50 code [0x0000000027e01fc0, 0x0000000027e02268]
Event: 25135.005 Thread 0x0000000027332000   39 % !         com.mathworks.services.Prefs$SavePrefsThread::run @ 0 (58 bytes)
Event: 25135.080 Thread 0x0000000027332000 nmethod 39% 0x0000000027e03810 code [0x0000000027e03980, 0x0000000027e03db8]
Event: 25776.188 Thread 0x0000000027336800 2138   !         java.awt.KeyboardFocusManager::clearMostRecentFocusOwner (111 bytes)

GC Heap History (10 events):
Event: 25674.462 GC heap before
{Heap before GC invocations=861 (full 4):
 PSYoungGen      total 15872K, used 15776K [0x00000000fa000000, 0x00000000fb000000, 0x0000000100000000)
  eden space 15360K, 100% used [0x00000000fa000000,0x00000000faf00000,0x00000000faf00000)
  from space 512K, 81% used [0x00000000faf80000,0x00000000fafe8000,0x00000000fb000000)
  to   space 512K, 0% used [0x00000000faf00000,0x00000000faf00000,0x00000000faf80000)
 ParOldGen       total 57664K, used 49935K [0x00000000e8000000, 0x00000000eb850000, 0x00000000fa000000)
  object space 57664K, 86% used [0x00000000e8000000,0x00000000eb0c3fb8,0x00000000eb850000)
 PSPermGen       total 111872K, used 58631K [0x00000000e0000000, 0x00000000e6d40000, 0x00000000e8000000)
  object space 111872K, 52% used [0x00000000e0000000,0x00000000e3941fd0,0x00000000e6d40000)
Event: 25674.464 GC heap after
Heap after GC invocations=861 (full 4):
 PSYoungGen      total 15872K, used 416K [0x00000000fa000000, 0x00000000fb000000, 0x0000000100000000)
  eden space 15360K, 0% used [0x00000000fa000000,0x00000000fa000000,0x00000000faf00000)
  from space 512K, 81% used [0x00000000faf00000,0x00000000faf68000,0x00000000faf80000)
  to   space 512K, 0% used [0x00000000faf80000,0x00000000faf80000,0x00000000fb000000)
 ParOldGen       total 57664K, used 49959K [0x00000000e8000000, 0x00000000eb850000, 0x00000000fa000000)
  object space 57664K, 86% used [0x00000000e8000000,0x00000000eb0c9fb8,0x00000000eb850000)
 PSPermGen       total 111872K, used 58631K [0x00000000e0000000, 0x00000000e6d40000, 0x00000000e8000000)
  object space 111872K, 52% used [0x00000000e0000000,0x00000000e3941fd0,0x00000000e6d40000)
}
Event: 25694.835 GC heap before
{Heap before GC invocations=862 (full 4):
 PSYoungGen      total 15872K, used 15776K [0x00000000fa000000, 0x00000000fb000000, 0x0000000100000000)
  eden space 15360K, 100% used [0x00000000fa000000,0x00000000faf00000,0x00000000faf00000)
  from space 512K, 81% used [0x00000000faf00000,0x00000000faf68000,0x00000000faf80000)
  to   space 512K, 0% used [0x00000000faf80000,0x00000000faf80000,0x00000000fb000000)
 ParOldGen       total 57664K, used 49959K [0x00000000e8000000, 0x00000000eb850000, 0x00000000fa000000)
  object space 57664K, 86% used [0x00000000e8000000,0x00000000eb0c9fb8,0x00000000eb850000)
 PSPermGen       total 111872K, used 58631K [0x00000000e0000000, 0x00000000e6d40000, 0x00000000e8000000)
  object space 111872K, 52% used [0x00000000e0000000,0x00000000e3941fd0,0x00000000e6d40000)
Event: 25694.837 GC heap after
Heap after GC invocations=862 (full 4):
 PSYoungGen      total 15872K, used 384K [0x00000000fa000000, 0x00000000fb000000, 0x0000000100000000)
  eden space 15360K, 0% used [0x00000000fa000000,0x00000000fa000000,0x00000000faf00000)
  from space 512K, 75% used [0x00000000faf80000,0x00000000fafe0000,0x00000000fb000000)
  to   space 512K, 0% used [0x00000000faf00000,0x00000000faf00000,0x00000000faf80000)
 ParOldGen       total 57664K, used 49983K [0x00000000e8000000, 0x00000000eb850000, 0x00000000fa000000)
  object space 57664K, 86% used [0x00000000e8000000,0x00000000eb0cffb8,0x00000000eb850000)
 PSPermGen       total 111872K, used 58631K [0x00000000e0000000, 0x00000000e6d40000, 0x00000000e8000000)
  object space 111872K, 52% used [0x00000000e0000000,0x00000000e3941fd0,0x00000000e6d40000)
}
Event: 25715.023 GC heap before
{Heap before GC invocations=863 (full 4):
 PSYoungGen      total 15872K, used 15744K [0x00000000fa000000, 0x00000000fb000000, 0x0000000100000000)
  eden space 15360K, 100% used [0x00000000fa000000,0x00000000faf00000,0x00000000faf00000)
  from space 512K, 75% used [0x00000000faf80000,0x00000000fafe0000,0x00000000fb000000)
  to   space 512K, 0% used [0x00000000faf00000,0x00000000faf00000,0x00000000faf80000)
 ParOldGen       total 57664K, used 49983K [0x00000000e8000000, 0x00000000eb850000, 0x00000000fa000000)
  object space 57664K, 86% used [0x00000000e8000000,0x00000000eb0cffb8,0x00000000eb850000)
 PSPermGen       total 111872K, used 58631K [0x00000000e0000000, 0x00000000e6d40000, 0x00000000e8000000)
  object space 111872K, 52% used [0x00000000e0000000,0x00000000e3941fd0,0x00000000e6d40000)
Event: 25715.025 GC heap after
Heap after GC invocations=863 (full 4):
 PSYoungGen      total 15872K, used 384K [0x00000000fa000000, 0x00000000fb000000, 0x0000000100000000)
  eden space 15360K, 0% used [0x00000000fa000000,0x00000000fa000000,0x00000000faf00000)
  from space 512K, 75% used [0x00000000faf00000,0x00000000faf60000,0x00000000faf80000)
  to   space 512K, 0% used [0x00000000faf80000,0x00000000faf80000,0x00000000fb000000)
 ParOldGen       total 57664K, used 50007K [0x00000000e8000000, 0x00000000eb850000, 0x00000000fa000000)
  object space 57664K, 86% used [0x00000000e8000000,0x00000000eb0d5fb8,0x00000000eb850000)
 PSPermGen       total 111872K, used 58631K [0x00000000e0000000, 0x00000000e6d40000, 0x00000000e8000000)
  object space 111872K, 52% used [0x00000000e0000000,0x00000000e3941fd0,0x00000000e6d40000)
}
Event: 25735.484 GC heap before
{Heap before GC invocations=864 (full 4):
 PSYoungGen      total 15872K, used 15744K [0x00000000fa000000, 0x00000000fb000000, 0x0000000100000000)
  eden space 15360K, 100% used [0x00000000fa000000,0x00000000faf00000,0x00000000faf00000)
  from space 512K, 75% used [0x00000000faf00000,0x00000000faf60000,0x00000000faf80000)
  to   space 512K, 0% used [0x00000000faf80000,0x00000000faf80000,0x00000000fb000000)
 ParOldGen       total 57664K, used 50007K [0x00000000e8000000, 0x00000000eb850000, 0x00000000fa000000)
  object space 57664K, 86% used [0x00000000e8000000,0x00000000eb0d5fb8,0x00000000eb850000)
 PSPermGen       total 111872K, used 58631K [0x00000000e0000000, 0x00000000e6d40000, 0x00000000e8000000)
  object space 111872K, 52% used [0x00000000e0000000,0x00000000e3941fd0,0x00000000e6d40000)
Event: 25735.499 GC heap after
Heap after GC invocations=864 (full 4):
 PSYoungGen      total 15872K, used 448K [0x00000000fa000000, 0x00000000fb000000, 0x0000000100000000)
  eden space 15360K, 0% used [0x00000000fa000000,0x00000000fa000000,0x00000000faf00000)
  from space 512K, 87% used [0x00000000faf80000,0x00000000faff0000,0x00000000fb000000)
  to   space 512K, 0% used [0x00000000faf00000,0x00000000faf00000,0x00000000faf80000)
 ParOldGen       total 57664K, used 50063K [0x00000000e8000000, 0x00000000eb850000, 0x00000000fa000000)
  object space 57664K, 86% used [0x00000000e8000000,0x00000000eb0e3fb8,0x00000000eb850000)
 PSPermGen       total 111872K, used 58631K [0x00000000e0000000, 0x00000000e6d40000, 0x00000000e8000000)
  object space 111872K, 52% used [0x00000000e0000000,0x00000000e3941fd0,0x00000000e6d40000)
}
Event: 25755.937 GC heap before
{Heap before GC invocations=865 (full 4):
 PSYoungGen      total 15872K, used 15808K [0x00000000fa000000, 0x00000000fb000000, 0x0000000100000000)
  eden space 15360K, 100% used [0x00000000fa000000,0x00000000faf00000,0x00000000faf00000)
  from space 512K, 87% used [0x00000000faf80000,0x00000000faff0000,0x00000000fb000000)
  to   space 512K, 0% used [0x00000000faf00000,0x00000000faf00000,0x00000000faf80000)
 ParOldGen       total 57664K, used 50063K [0x00000000e8000000, 0x00000000eb850000, 0x00000000fa000000)
  object space 57664K, 86% used [0x00000000e8000000,0x00000000eb0e3fb8,0x00000000eb850000)
 PSPermGen       total 111872K, used 58631K [0x00000000e0000000, 0x00000000e6d40000, 0x00000000e8000000)
  object space 111872K, 52% used [0x00000000e0000000,0x00000000e3941fd0,0x00000000e6d40000)
Event: 25755.948 GC heap after
Heap after GC invocations=865 (full 4):
 PSYoungGen      total 15872K, used 384K [0x00000000fa000000, 0x00000000fb000000, 0x0000000100000000)
  eden space 15360K, 0% used [0x00000000fa000000,0x00000000fa000000,0x00000000faf00000)
  from space 512K, 75% used [0x00000000faf00000,0x00000000faf60000,0x00000000faf80000)
  to   space 512K, 0% used [0x00000000faf80000,0x00000000faf80000,0x00000000fb000000)
 ParOldGen       total 57664K, used 50087K [0x00000000e8000000, 0x00000000eb850000, 0x00000000fa000000)
  object space 57664K, 86% used [0x00000000e8000000,0x00000000eb0e9fb8,0x00000000eb850000)
 PSPermGen       total 111872K, used 58631K [0x00000000e0000000, 0x00000000e6d40000, 0x00000000e8000000)
  object space 111872K, 52% used [0x00000000e0000000,0x00000000e3941fd0,0x00000000e6d40000)
}

Deoptimization events (10 events):
Event: 25776.007 Thread 0x000000005ddeb800 Uncommon trap -34 fr.pc 0x0000000027d67f7c
Event: 25776.007 Thread 0x000000005ddeb800 Uncommon trap -83 fr.pc 0x0000000027ce32fc
Event: 25776.007 Thread 0x000000005ddeb800 Uncommon trap -34 fr.pc 0x0000000027ca4f50
Event: 25776.019 Thread 0x000000005ddeb800 Uncommon trap -34 fr.pc 0x0000000027ca4f50
Event: 25776.019 Thread 0x000000005ddeb800 Uncommon trap -34 fr.pc 0x0000000027ca4f50
Event: 25776.020 Thread 0x000000005ddeb800 Uncommon trap -34 fr.pc 0x0000000027ca4f50
Event: 25776.020 Thread 0x000000005ddeb800 Uncommon trap -12 fr.pc 0x0000000027d0a084
Event: 25776.210 Thread 0x000000005ddeb800 Uncommon trap -34 fr.pc 0x0000000027b45fa8
Event: 25776.210 Thread 0x000000005ddeb800 Uncommon trap -34 fr.pc 0x0000000027b46e78
Event: 25776.210 Thread 0x000000005ddeb800 Uncommon trap -34 fr.pc 0x0000000027d67f7c

Internal exceptions (10 events):
Event: 25776.259 Thread 0x0000000015f6f000 Threw 0x00000000facb1e30 at C:\jdk7u1_64p\jdk7u11\hotspot\src\share\vm\prims\jvm.cpp:1166
Event: 25776.259 Thread 0x0000000015f6f000 Threw 0x00000000facc0198 at C:\jdk7u1_64p\jdk7u11\hotspot\src\share\vm\prims\jvm.cpp:1166
Event: 25776.259 Thread 0x0000000015f6f000 Threw 0x00000000facc05c0 at C:\jdk7u1_64p\jdk7u11\hotspot\src\share\vm\prims\jvm.cpp:1166
Event: 25776.259 Thread 0x0000000015f6f000 Threw 0x00000000facce978 at C:\jdk7u1_64p\jdk7u11\hotspot\src\share\vm\prims\jvm.cpp:1166
Event: 25776.259 Thread 0x0000000015f6f000 Threw 0x00000000faccee70 at C:\jdk7u1_64p\jdk7u11\hotspot\src\share\vm\prims\jvm.cpp:1166
Event: 25776.260 Thread 0x0000000015f6f000 Threw 0x00000000facdd218 at C:\jdk7u1_64p\jdk7u11\hotspot\src\share\vm\prims\jvm.cpp:1166
Event: 25776.260 Thread 0x0000000015f6f000 Threw 0x00000000facdd518 at C:\jdk7u1_64p\jdk7u11\hotspot\src\share\vm\prims\jvm.cpp:1166
Event: 25776.260 Thread 0x0000000015f6f000 Threw 0x00000000faceb8b8 at C:\jdk7u1_64p\jdk7u11\hotspot\src\share\vm\prims\jvm.cpp:1166
Event: 25776.260 Thread 0x0000000015f6f000 Threw 0x00000000facebce0 at C:\jdk7u1_64p\jdk7u11\hotspot\src\share\vm\prims\jvm.cpp:1166
Event: 25776.260 Thread 0x0000000015f6f000 Threw 0x00000000facfa030 at C:\jdk7u1_64p\jdk7u11\hotspot\src\share\vm\prims\jvm.cpp:1166

Events (10 events):
Event: 25776.259 loading class 0x000000005d6b1880
Event: 25776.259 loading class 0x000000005d6b1880 done
Event: 25776.259 loading class 0x000000005d6b1880
Event: 25776.259 loading class 0x000000005d6b1880 done
Event: 25776.259 loading class 0x000000005d6b18c0
Event: 25776.259 loading class 0x000000005d6b18c0 done
Event: 25776.260 loading class 0x000000005d6b18c0
Event: 25776.260 loading class 0x000000005d6b18c0 done
Event: 25776.260 loading class 0x000000005d6b18c0
Event: 25776.260 loading class 0x000000005d6b18c0 done


Dynamic libraries:
0x0000000140000000 - 0x0000000140029000 	C:\Program Files\MATLAB\R2013b\bin\win64\MATLAB.exe
0x0000000077090000 - 0x0000000077239000 	C:\Windows\SYSTEM32\ntdll.dll
0x0000000076e70000 - 0x0000000076f8f000 	C:\Windows\system32\kernel32.dll
0x000007fefc030000 - 0x000007fefc09c000 	C:\Windows\system32\KERNELBASE.dll
0x000000006f060000 - 0x000000006f3dc000 	C:\Program Files\MATLAB\R2013b\bin\win64\libmwservices.dll
0x000000006fe80000 - 0x000000006ff56000 	C:\Program Files\MATLAB\R2013b\bin\win64\libmwi18n.dll
0x000000006fe70000 - 0x000000006fe7d000 	C:\Program Files\MATLAB\R2013b\bin\win64\libmwresource_core.dll
0x0000000069e60000 - 0x0000000069ef8000 	C:\Program Files\MATLAB\R2013b\bin\win64\MSVCP100.dll
0x0000000069d80000 - 0x0000000069e52000 	C:\Program Files\MATLAB\R2013b\bin\win64\MSVCR100.dll
0x0000000069d70000 - 0x0000000069d7e000 	C:\Program Files\MATLAB\R2013b\bin\win64\boost_date_time-vc100-mt-1_49.dll
0x0000000069d40000 - 0x0000000069d6c000 	C:\Program Files\MATLAB\R2013b\bin\win64\boost_filesystem-vc100-mt-1_49.dll
0x0000000069c20000 - 0x0000000069c29000 	C:\Program Files\MATLAB\R2013b\bin\win64\boost_system-vc100-mt-1_49.dll
0x000007fefcc30000 - 0x000007fefcd0b000 	C:\Windows\system32\ADVAPI32.dll
0x000007fefc9a0000 - 0x000007fefca3f000 	C:\Windows\system32\msvcrt.dll
0x000007fefcae0000 - 0x000007fefcaff000 	C:\Windows\SYSTEM32\sechost.dll
0x000007fefcb00000 - 0x000007fefcc2d000 	C:\Windows\system32\RPCRT4.dll
0x0000000069000000 - 0x0000000069025000 	C:\Program Files\MATLAB\R2013b\bin\win64\LIBEXPAT.dll
0x0000000068890000 - 0x0000000068a1a000 	C:\Program Files\MATLAB\R2013b\bin\win64\icuin49.dll
0x0000000068720000 - 0x000000006885e000 	C:\Program Files\MATLAB\R2013b\bin\win64\icuuc49.dll
0x0000000061070000 - 0x0000000062192000 	C:\Program Files\MATLAB\R2013b\bin\win64\icudt49.dll
0x0000000069c00000 - 0x0000000069c10000 	C:\Program Files\MATLAB\R2013b\bin\win64\icuio49.dll
0x0000000004100000 - 0x00000000041bb000 	C:\Program Files\MATLAB\R2013b\bin\win64\libut.dll
0x000000006f960000 - 0x000000006fb07000 	C:\Program Files\MATLAB\R2013b\bin\win64\libmwfl.dll
0x00000000042f0000 - 0x00000000046ff000 	C:\Program Files\MATLAB\R2013b\bin\win64\libmwMATLAB_res.dll
0x0000000068640000 - 0x000000006871f000 	C:\Program Files\MATLAB\R2013b\bin\win64\boost_regex-vc100-mt-1_49.dll
0x0000000076f90000 - 0x000000007708a000 	C:\Windows\system32\USER32.dll
0x000007fefe2b0000 - 0x000007fefe317000 	C:\Windows\system32\GDI32.dll
0x000007fefe520000 - 0x000007fefe52e000 	C:\Windows\system32\LPK.dll
0x000007fefc8d0000 - 0x000007fefc999000 	C:\Windows\system32\USP10.dll
0x00000000692a0000 - 0x00000000692b1000 	C:\Program Files\MATLAB\R2013b\bin\win64\boost_signals-vc100-mt-1_49.dll
0x0000000068b00000 - 0x0000000068b11000 	C:\Program Files\MATLAB\R2013b\bin\win64\boost_thread-vc100-mt-1_49.dll
0x0000000068460000 - 0x00000000684ec000 	C:\Program Files\MATLAB\R2013b\bin\win64\boost_log-vc100-mt-1_49.dll
0x0000000077250000 - 0x0000000077257000 	C:\Windows\system32\PSAPI.DLL
0x000007fefcd10000 - 0x000007fefcd5d000 	C:\Windows\system32\WS2_32.dll
0x000007fefc3a0000 - 0x000007fefc3a8000 	C:\Windows\system32\NSI.dll
0x000007fef6320000 - 0x000007fef6353000 	C:\Program Files\MATLAB\R2013b\bin\win64\tbb.dll
0x000007fefe590000 - 0x000007fefe5a9000 	C:\Windows\system32\imagehlp.dll
0x000007fefb040000 - 0x000007fefb06c000 	C:\Windows\system32\POWRPROF.dll
0x000007fefc6f0000 - 0x000007fefc8c7000 	C:\Windows\system32\SETUPAPI.dll
0x000007fefc0a0000 - 0x000007fefc0d6000 	C:\Windows\system32\CFGMGR32.dll
0x000007fefd440000 - 0x000007fefd517000 	C:\Windows\system32\OLEAUT32.dll
0x000007fefcde0000 - 0x000007fefcfe3000 	C:\Windows\system32\ole32.dll
0x000007fefc270000 - 0x000007fefc28a000 	C:\Windows\system32\DEVOBJ.dll
0x0000000004700000 - 0x00000000047fb000 	C:\Program Files\MATLAB\R2013b\bin\win64\libmx.dll
0x000007fef47a0000 - 0x000007fef47c8000 	C:\Program Files\MATLAB\R2013b\bin\win64\tbbmalloc.dll
0x0000000068ab0000 - 0x0000000068ac7000 	C:\Program Files\MATLAB\R2013b\bin\win64\zlib1.dll
0x000000006ef00000 - 0x000000006ef4e000 	C:\Program Files\MATLAB\R2013b\bin\win64\libmwregexp.dll
0x000000006eeb0000 - 0x000000006eef7000 	C:\Program Files\MATLAB\R2013b\bin\win64\mpath.dll
0x0000000004800000 - 0x0000000004e28000 	C:\Program Files\MATLAB\R2013b\bin\win64\mlutil.dll
0x000000006e870000 - 0x000000006e8e7000 	C:\Program Files\MATLAB\R2013b\bin\win64\xmlcore.dll
0x0000000065190000 - 0x00000000653d1000 	C:\Program Files\MATLAB\R2013b\bin\win64\xerces-c_2_7.dll
0x000000006e5f0000 - 0x000000006e613000 	C:\Program Files\MATLAB\R2013b\bin\win64\libmwMATLAB_settings_res.dll
0x0000000068880000 - 0x0000000068890000 	C:\Program Files\MATLAB\R2013b\bin\win64\boost_iostreams-vc100-mt-1_49.dll
0x00000000681d0000 - 0x0000000068216000 	C:\Program Files\MATLAB\R2013b\bin\win64\boost_serialization-vc100-mt-1_49.dll
0x000007fefd520000 - 0x000007fefe2a8000 	C:\Windows\system32\SHELL32.dll
0x000007fefcd60000 - 0x000007fefcdd1000 	C:\Windows\system32\SHLWAPI.dll
0x000000006e580000 - 0x000000006e586000 	C:\Program Files\MATLAB\R2013b\bin\win64\libmwnativedisplay.dll
0x00000000685f0000 - 0x000000006863d000 	C:\Program Files\MATLAB\R2013b\bin\win64\opccore.dll
0x00000000684f0000 - 0x00000000685c6000 	C:\Program Files\MATLAB\R2013b\bin\win64\opcmodel.dll
0x0000000004e30000 - 0x0000000004e5d000 	C:\Program Files\MATLAB\R2013b\bin\win64\opczippackage.dll
0x0000000068870000 - 0x000000006887e000 	C:\Program Files\MATLAB\R2013b\bin\win64\libminizip.dll
0x0000000068340000 - 0x00000000683a6000 	C:\Program Files\MATLAB\R2013b\bin\win64\opcmwservices.dll
0x000007feee2e0000 - 0x000007feee380000 	C:\Windows\WinSxS\amd64_microsoft.windows.common-controls_6595b64144ccf1df_5.82.7601.18201_none_a4d3b9377117c3df\COMCTL32.dll
0x000007fefcff0000 - 0x000007fefd087000 	C:\Windows\system32\COMDLG32.dll
0x000007fefa180000 - 0x000007fefa196000 	C:\Windows\system32\NETAPI32.dll
0x000007fefa170000 - 0x000007fefa17c000 	C:\Windows\system32\netutils.dll
0x000007fefbbc0000 - 0x000007fefbbe3000 	C:\Windows\system32\srvcli.dll
0x000007fefa150000 - 0x000007fefa165000 	C:\Windows\system32\wkscli.dll
0x000000006e4d0000 - 0x000000006e57d000 	C:\Program Files\MATLAB\R2013b\bin\win64\mcr.dll
0x000000006e110000 - 0x000000006e4d0000 	C:\Program Files\MATLAB\R2013b\bin\win64\iqm.dll
0x0000000180000000 - 0x00000001800c2000 	C:\Program Files\MATLAB\R2013b\bin\win64\m_dispatcher.dll
0x0000000004e60000 - 0x000000000565b000 	C:\Program Files\MATLAB\R2013b\bin\win64\m_interpreter.dll
0x000000006d760000 - 0x000000006d784000 	C:\Program Files\MATLAB\R2013b\bin\win64\libmex.dll
0x000000006d6e0000 - 0x000000006d75b000 	C:\Program Files\MATLAB\R2013b\bin\win64\profiler.dll
0x000000006d450000 - 0x000000006d5c8000 	C:\Program Files\MATLAB\R2013b\bin\win64\libmwmathutil.dll
0x000000006d420000 - 0x000000006d447000 	C:\Program Files\MATLAB\R2013b\bin\win64\libmwmathrng.dll
0x000000006d410000 - 0x000000006d420000 	C:\Program Files\MATLAB\R2013b\bin\win64\libmwmfl_rng.dll
0x0000000005660000 - 0x0000000005778000 	C:\Program Files\MATLAB\R2013b\bin\win64\libmwmathcore.dll
0x000000006d2b0000 - 0x000000006d313000 	C:\Program Files\MATLAB\R2013b\bin\win64\libmwspmatrix.dll
0x0000000005780000 - 0x00000000059e2000 	C:\Program Files\MATLAB\R2013b\bin\win64\mcos.dll
0x000000006cfc0000 - 0x000000006d01c000 	C:\Program Files\MATLAB\R2013b\bin\win64\libmwcholmod.dll
0x000000006cfb0000 - 0x000000006cfbc000 	C:\Program Files\MATLAB\R2013b\bin\win64\libmwamd.dll
0x000000006cfa0000 - 0x000000006cfab000 	C:\Program Files\MATLAB\R2013b\bin\win64\libmwcolamd.dll
0x000000006cf80000 - 0x000000006cf93000 	C:\Program Files\MATLAB\R2013b\bin\win64\libmwblas.dll
0x000000006cf60000 - 0x000000006cf75000 	C:\Program Files\MATLAB\R2013b\bin\win64\libmwbinder.dll
0x000000006cf50000 - 0x000000006cf5b000 	C:\Program Files\MATLAB\R2013b\bin\win64\libmwompwrapper.dll
0x000000006ced0000 - 0x000000006cf4f000 	C:\Program Files\MATLAB\R2013b\bin\win64\libmwlapack.dll
0x000000006ceb0000 - 0x000000006ced0000 	C:\Program Files\MATLAB\R2013b\bin\win64\m_pcodeio.dll
0x000000006ce50000 - 0x000000006ceac000 	C:\Program Files\MATLAB\R2013b\bin\win64\m_ir.dll
0x00000000059f0000 - 0x00000000060a5000 	C:\Program Files\MATLAB\R2013b\bin\win64\m_parser.dll
0x000000006c780000 - 0x000000006c797000 	C:\Program Files\MATLAB\R2013b\bin\win64\ir_xfmr.dll
0x000000006c770000 - 0x000000006c780000 	C:\Program Files\MATLAB\R2013b\bin\win64\mtok.dll
0x000000006c740000 - 0x000000006c768000 	C:\Program Files\MATLAB\R2013b\bin\win64\m_pcodegen.dll
0x000007fef3aa0000 - 0x000007fef3bc5000 	C:\Windows\system32\dbghelp.dll
0x000000006c710000 - 0x000000006c73f000 	C:\Program Files\MATLAB\R2013b\bin\win64\libmwbridge.dll
0x000000006c650000 - 0x000000006c706000 	C:\Program Files\MATLAB\R2013b\bin\win64\udd.dll
0x00000000060b0000 - 0x0000000006201000 	C:\Program Files\MATLAB\R2013b\bin\win64\libmwgui.dll
0x000000006c4d0000 - 0x000000006c4f8000 	C:\Program Files\MATLAB\R2013b\bin\win64\graphics_util.dll
0x0000000066fb0000 - 0x0000000067068000 	C:\Program Files\MATLAB\R2013b\bin\win64\libtex_base.dll
0x000000006bac0000 - 0x000000006c426000 	C:\Program Files\MATLAB\R2013b\bin\win64\hg.dll
0x000000006ba60000 - 0x000000006babd000 	C:\Program Files\MATLAB\R2013b\bin\win64\libmat.dll
0x000000006b850000 - 0x000000006ba58000 	C:\Program Files\MATLAB\R2013b\bin\win64\hdf5dll.dll
0x000000006b780000 - 0x000000006b848000 	C:\Program Files\MATLAB\R2013b\bin\win64\jmi.dll
0x000000006b770000 - 0x000000006b77e000 	C:\Program Files\MATLAB\R2013b\bin\win64\nativejava_services.dll
0x0000000006210000 - 0x0000000006252000 	C:\Program Files\MATLAB\R2013b\bin\win64\libmwhardcopy.dll
0x000000006b6d0000 - 0x000000006b72e000 	C:\Program Files\MATLAB\R2013b\bin\win64\libuij.dll
0x000000006b490000 - 0x000000006b695000 	C:\Program Files\MATLAB\R2013b\bin\win64\hgdatatypes.dll
0x0000000006260000 - 0x0000000006372000 	C:\Program Files\MATLAB\R2013b\bin\win64\hgutils.dll
0x000000006b2f0000 - 0x000000006b39e000 	C:\Program Files\MATLAB\R2013b\bin\win64\udd_mi.dll
0x000000006b2b0000 - 0x000000006b2e6000 	C:\Program Files\MATLAB\R2013b\bin\win64\libmwgbtutils.dll
0x000000006b290000 - 0x000000006b2a3000 	C:\Program Files\MATLAB\R2013b\bin\win64\libmwgbt.dll
0x000000006afc0000 - 0x000000006b28f000 	C:\Program Files\MATLAB\R2013b\bin\win64\uiw.dll
0x000000006afb0000 - 0x000000006afb9000 	C:\Program Files\MATLAB\R2013b\bin\win64\uinone.dll
0x000000006af80000 - 0x000000006afac000 	C:\Program Files\MATLAB\R2013b\bin\win64\libmwnativedialogs.dll
0x000000006af70000 - 0x000000006af7c000 	C:\Program Files\MATLAB\R2013b\bin\win64\libmwplatform_res.dll
0x000007fef9010000 - 0x000007fef9028000 	C:\Windows\system32\MPR.dll
0x00000000647e0000 - 0x0000000064d3d000 	C:\Program Files\MATLAB\R2013b\bin\win64\mfc100.dll
0x000007fef6310000 - 0x000007fef6317000 	C:\Windows\system32\MSIMG32.dll
0x000007fef8e60000 - 0x000007fef8ed1000 	C:\Windows\system32\WINSPOOL.DRV
0x000000006af50000 - 0x000000006af6d000 	C:\Program Files\MATLAB\R2013b\bin\win64\mwoles05.DLL
0x000000006aee0000 - 0x000000006af4c000 	C:\Program Files\MATLAB\R2013b\bin\win64\comcli.dll
0x0000000006380000 - 0x00000000063ab000 	C:\Program Files\MATLAB\R2013b\bin\win64\ATL100.DLL
0x000000006aed0000 - 0x000000006aedc000 	C:\Program Files\MATLAB\R2013b\bin\win64\mlautoregister.dll
0x00000000063b0000 - 0x000000000651f000 	C:\Program Files\MATLAB\R2013b\bin\win64\mvm.dll
0x000007fefc410000 - 0x000007fefc43e000 	C:\Windows\system32\IMM32.DLL
0x000007fefc290000 - 0x000007fefc399000 	C:\Windows\system32\MSCTF.dll
0x000007fefa8a0000 - 0x000007fefa8f6000 	C:\Windows\system32\UxTheme.dll
0x000007fefa470000 - 0x000007fefa488000 	C:\Windows\system32\dwmapi.dll

VM Arguments:
jvm_args: -XX:PermSize=32m -Xms64m -XX:NewRatio=3 -XX:MaxPermSize=128m -Xmx384m -XX:MaxDirectMemorySize=2147400000 -Dsun.java2d.noddraw=true -Dsun.awt.nopixfmt=true -Xshare:off -Xrs -XX:-UseSplitVerifier -Djava.library.path=C:\Program Files\MATLAB\R2013b\bin\win64;C:\Program Files\MATLAB\R2013b\sys\jxbrowser\win64\lib vfprintf abort -Duser.language=nl -Duser.country=NL -XX:ParallelGCThreads=6 
java_command: <unknown>
Launcher Type: generic

Environment Variables:
PATH=C:\Windows\system32;C:\Windows;C:\Windows\System32\Wbem;C:\Windows\System32\WindowsPowerShell\v1.0\;C:\Program Files (x86)\ATI Technologies\ATI.ACE\Core-Static;C:\Program Files\MATLAB\R2013b\runtime\win64;C:\Program Files\MATLAB\R2013b\bin;C:\Program Files\MATLAB\R2013b\polyspace\bin
USERNAME=Boris
OS=Windows_NT
PROCESSOR_IDENTIFIER=Intel64 Family 6 Model 26 Stepping 5, GenuineIntel



---------------  S Y S T E M  ---------------

OS: Windows 7 , 64 bit Build 7601 Service Pack 1

CPU:total 8 (4 cores per cpu, 2 threads per core) family 6 model 26 stepping 5, cmov, cx8, fxsr, mmx, sse, sse2, sse3, ssse3, sse4.1, sse4.2, popcnt, ht, tsc, tscinvbit, tscinv

Memory: 4k page, physical 6282416k(912740k free), swap 25127800k(408k free)

vm_info: Java HotSpot(TM) 64-Bit Server VM (23.6-b04) for windows-amd64 JRE (1.7.0_11-b21), built on Jan 12 2013 02:38:42 by "java_re" with unknown MS VC++:1600

time: Wed Oct 22 06:52:30 2014
elapsed time: 25776 seconds

